<?xml version="1.0" encoding="UTF-8"?>
<testng-results ignored="0" total="1" passed="1" failed="0" skipped="0">
  <reporter-output>
  </reporter-output>
  <suite started-at="2023-05-12T16:55:34 IST" name="Default suite" finished-at="2023-05-12T16:55:51 IST" duration-ms="16480">
    <groups>
    </groups>
    <test started-at="2023-05-12T16:55:34 IST" name="Default test" finished-at="2023-05-12T16:55:51 IST" duration-ms="16480">
      <class name="com.actitime.demoscreenshot">
        <test-method signature="screenShot()[pri:0, instance:com.actitime.demoscreenshot@4e096385]" started-at="2023-05-12T16:55:35 IST" name="screenShot" finished-at="2023-05-12T16:55:51 IST" duration-ms="16330" status="PASS">
          <reporter-output>
          </reporter-output>
        </test-method> <!-- screenShot -->
      </class> <!-- com.actitime.demoscreenshot -->
    </test> <!-- Default test -->
  </suite> <!-- Default suite -->
</testng-results>
