<?xml version="1.0" encoding="UTF-8"?>
<testng-results ignored="0" total="1" passed="1" failed="0" skipped="0">
  <reporter-output>
    <line>
      <![CDATA[bye]]>
    </line>
  </reporter-output>
  <suite started-at="2023-06-02T17:24:11 IST" name="Default suite" finished-at="2023-06-02T17:24:12 IST" duration-ms="185">
    <groups>
    </groups>
    <test started-at="2023-06-02T17:24:11 IST" name="Default test" finished-at="2023-06-02T17:24:12 IST" duration-ms="185">
      <class name="com.actitime.testscript.deletemodule">
        <test-method signature="deletemodule()[pri:0, instance:com.actitime.testscript.deletemodule@1e6454ec]" started-at="2023-06-02T17:24:12 IST" name="deletemodule" finished-at="2023-06-02T17:24:12 IST" duration-ms="32" status="PASS">
          <reporter-output>
            <line>
              <![CDATA[bye]]>
            </line>
          </reporter-output>
        </test-method> <!-- deletemodule -->
      </class> <!-- com.actitime.testscript.deletemodule -->
    </test> <!-- Default test -->
  </suite> <!-- Default suite -->
</testng-results>
